
CondaError: Run 'conda init' before 'conda activate'

/nas-ctm01/homes/fmferreira/.conda/envs/ai4lungs/lib/python3.11/site-packages/torchmetrics/utilities/imports.py:22: UserWarning: pkg_resources is deprecated as an API. See https://setuptools.pypa.io/en/latest/pkg_resources.html. The pkg_resources package is slated for removal as early as 2025-11-30. Refrain from using this package or pin to Setuptools<81.
  from pkg_resources import DistributionNotFound, get_distribution
/nas-ctm01/homes/fmferreira/.conda/envs/ai4lungs/lib/python3.11/site-packages/timm/models/layers/__init__.py:48: FutureWarning: Importing from timm.models.layers is deprecated, please import via timm.layers
  warnings.warn(f"Importing from {__name__} is deprecated, please import via timm.layers", FutureWarning)
/nas-ctm01/homes/fmferreira/.conda/envs/ai4lungs/lib/python3.11/site-packages/torch/utils/checkpoint.py:429: UserWarning: torch.utils.checkpoint: please pass in use_reentrant=True or use_reentrant=False explicitly. The default value of use_reentrant will be updated to be False in the future. To maintain current behavior, pass use_reentrant=True. It is recommended that you use use_reentrant=False. Refer to docs for more details on the differences between the two variants.
  warnings.warn(
/nas-ctm01/homes/fmferreira/.conda/envs/ai4lungs/lib/python3.11/site-packages/torch/utils/checkpoint.py:61: UserWarning: None of the inputs have requires_grad=True. Gradients will be None
  warnings.warn(
/nas-ctm01/homes/fmferreira/.conda/envs/ai4lungs/lib/python3.11/site-packages/lightning_fabric/plugins/environments/slurm.py:191: The `srun` command is available on your system but is not used. HINT: If your intention is to run Lightning on SLURM, prepend your python command with `srun` like so: srun python encoder_decoder_approach.py ...
GPU available: True (cuda), used: True
TPU available: False, using: 0 TPU cores
IPU available: False, using: 0 IPUs
HPU available: False, using: 0 HPUs
You are using a CUDA device ('NVIDIA A100 80GB PCIe') that has Tensor Cores. To properly utilize them, you should set `torch.set_float32_matmul_precision('medium' | 'high')` which will trade-off precision for performance. For more details, read https://pytorch.org/docs/stable/generated/torch.set_float32_matmul_precision.html#torch.set_float32_matmul_precision
/nas-ctm01/homes/fmferreira/.conda/envs/ai4lungs/lib/python3.11/site-packages/wandb/apis/public.py:3106: UserWarning: pkg_resources is deprecated as an API. See https://setuptools.pypa.io/en/latest/pkg_resources.html. The pkg_resources package is slated for removal as early as 2025-11-30. Refrain from using this package or pin to Setuptools<81.
  from pkg_resources import parse_version
wandb: Currently logged in as: franciscosacouto (franciscosacouto-inesc-tec). Use `wandb login --relogin` to force relogin
wandb: wandb version 0.23.1 is available!  To upgrade, please run:
wandb:  $ pip install wandb --upgrade
wandb: Tracking run with wandb version 0.15.2
wandb: Run data is saved locally in ./wandb/run-20251204_122332-j1o14ze6
wandb: Run `wandb offline` to turn off syncing.
wandb: Syncing run mlp_cox_model_32
wandb: â­ï¸ View project at https://wandb.ai/franciscosacouto-inesc-tec/decoder_encoder
wandb: ðŸš€ View run at https://wandb.ai/franciscosacouto-inesc-tec/decoder_encoder/runs/j1o14ze6
LOCAL_RANK: 0 - CUDA_VISIBLE_DEVICES: [0]

  | Name           | Type              | Params
-----------------------------------------------------
0 | survival_head  | Sequential        | 149 K 
1 | vision_encoder | DaViT             | 360 M 
2 | auroc_metric   | BinaryAUROC       | 0     
3 | f1score        | BinaryF1Score     | 0     
4 | stats_metric   | BinaryStatScores  | 0     
5 | loss_fn        | BCEWithLogitsLoss | 0     
-----------------------------------------------------
360 M     Trainable params
0         Non-trainable params
360 M     Total params
1,443.145 Total estimated model params size (MB)
/nas-ctm01/homes/fmferreira/.conda/envs/ai4lungs/lib/python3.11/site-packages/torch/utils/checkpoint.py:429: UserWarning: torch.utils.checkpoint: please pass in use_reentrant=True or use_reentrant=False explicitly. The default value of use_reentrant will be updated to be False in the future. To maintain current behavior, pass use_reentrant=True. It is recommended that you use use_reentrant=False. Refer to docs for more details on the differences between the two variants.
  warnings.warn(
/nas-ctm01/homes/fmferreira/.conda/envs/ai4lungs/lib/python3.11/site-packages/torch/utils/checkpoint.py:61: UserWarning: None of the inputs have requires_grad=True. Gradients will be None
  warnings.warn(
/nas-ctm01/homes/fmferreira/.conda/envs/ai4lungs/lib/python3.11/site-packages/pytorch_lightning/loops/fit_loop.py:293: The number of training batches (8) is smaller than the logging interval Trainer(log_every_n_steps=50). Set a lower value for log_every_n_steps if you want to see logs for the training epoch.
slurmstepd-01.ctm-deep-06: error: *** JOB 5677 ON 01.ctm-deep-06 CANCELLED AT 2025-12-04T12:29:34 ***
[rank: 0] Received SIGTERM: 15
--- Logging error ---
Exception in thread ChkStopThr:
Traceback (most recent call last):
  File "/nas-ctm01/homes/fmferreira/.conda/envs/ai4lungs/lib/python3.11/threading.py", line 1045, in _bootstrap_inner
Exception in thread NetStatThr:
Traceback (most recent call last):
  File "/nas-ctm01/homes/fmferreira/.conda/envs/ai4lungs/lib/python3.11/threading.py", line 1045, in _bootstrap_inner
    self.run()
  File "/nas-ctm01/homes/fmferreira/.conda/envs/ai4lungs/lib/python3.11/threading.py", line 982, in run
    self.run()
    self._target(*self._args, **self._kwargs)
  File "/nas-ctm01/homes/fmferreira/.conda/envs/ai4lungs/lib/python3.11/site-packages/wandb/sdk/wandb_run.py", line 278, in check_stop_status
  File "/nas-ctm01/homes/fmferreira/.conda/envs/ai4lungs/lib/python3.11/threading.py", line 982, in run
    self._target(*self._args, **self._kwargs)
  File "/nas-ctm01/homes/fmferreira/.conda/envs/ai4lungs/lib/python3.11/site-packages/wandb/sdk/wandb_run.py", line 260, in check_network_status
    self._loop_check_status(
  File "/nas-ctm01/homes/fmferreira/.conda/envs/ai4lungs/lib/python3.11/site-packages/wandb/sdk/wandb_run.py", line 216, in _loop_check_status
    self._loop_check_status(
  File "/nas-ctm01/homes/fmferreira/.conda/envs/ai4lungs/lib/python3.11/site-packages/wandb/sdk/wandb_run.py", line 216, in _loop_check_status
    local_handle = request()    local_handle = request()
                   ^^^^^^^^^
  File "/nas-ctm01/homes/fmferreira/.conda/envs/ai4lungs/lib/python3.11/site-packages/wandb/sdk/interface/interface.py", line 787, in deliver_stop_status

                   ^^^^^^^^^
  File "/nas-ctm01/homes/fmferreira/.conda/envs/ai4lungs/lib/python3.11/site-packages/wandb/sdk/interface/interface.py", line 795, in deliver_network_status
    return self._deliver_network_status(status)
           ^^    ^^^^^^^^^^^^^^^^^^^^^^^^^^^^^^^^^^
  File "/nas-ctm01/homes/fmferreira/.conda/envs/ai4lungs/lib/python3.11/site-packages/wandb/sdk/interface/interface_shared.py", line 601, in _deliver_network_status
return self._deliver_stop_status(status)
           ^^^^^^^^^^^^^^^^^^^^^^^^^^^^^^^^^
  File "/nas-ctm01/homes/fmferreira/.conda/envs/ai4lungs/lib/python3.11/site-packages/wandb/sdk/interface/interface_shared.py", line 585, in _deliver_stop_status
    return self._deliver_record(record)
           ^^^^^^^^^^^^^^^^^^^^^^^^^^^^
  File "/nas-ctm01/homes/fmferreira/.conda/envs/ai4lungs/lib/python3.11/site-packages/wandb/sdk/interface/interface_shared.py", line 560, in _deliver_record
    return self._deliver_record(record)
           ^^^^^^^^^^^^^^^^^^^^^^^^^^^^
  File "/nas-ctm01/homes/fmferreira/.conda/envs/ai4lungs/lib/python3.11/site-packages/wandb/sdk/interface/interface_shared.py", line 560, in _deliver_record
    handle = mailbox._deliver_record(record, interface=self)
             ^^^^^^^^^^^^^^^^^^^^^^^^^^^^^^^^^^^^^^^^^^^^^^^
  File "/nas-ctm01/homes/fmferreira/.conda/envs/ai4lungs/lib/python3.11/site-packages/wandb/sdk/lib/mailbox.py", line 455, in _deliver_record
    handle = mailbox._deliver_record(record, interface=self)
             ^^^^^^^^^^^^^^^^^^^^^^^^^^^^^^^^^^^^^^^^^^^^^^^
  File "/nas-ctm01/homes/fmferreira/.conda/envs/ai4lungs/lib/python3.11/site-packages/wandb/sdk/lib/mailbox.py", line 455, in _deliver_record
    interface._publish(record)
  File "/nas-ctm01/homes/fmferreira/.conda/envs/ai4lungs/lib/python3.11/site-packages/wandb/sdk/interface/interface_sock.py", line 51, in _publish
    interface._publish(record)
  File "/nas-ctm01/homes/fmferreira/.conda/envs/ai4lungs/lib/python3.11/site-packages/wandb/sdk/interface/interface_sock.py", line 51, in _publish
    self._sock_client.send_record_publish(record)
  File "/nas-ctm01/homes/fmferreira/.conda/envs/ai4lungs/lib/python3.11/site-packages/wandb/sdk/lib/sock_client.py", line 221, in send_record_publish
    self._sock_client.send_record_publish(record)
  File "/nas-ctm01/homes/fmferreira/.conda/envs/ai4lungs/lib/python3.11/site-packages/wandb/sdk/lib/sock_client.py", line 221, in send_record_publish
    self.send_server_request(server_req)
  File "/nas-ctm01/homes/fmferreira/.conda/envs/ai4lungs/lib/python3.11/site-packages/wandb/sdk/lib/sock_client.py", line 155, in send_server_request
    self.send_server_request(server_req)
  File "/nas-ctm01/homes/fmferreira/.conda/envs/ai4lungs/lib/python3.11/site-packages/wandb/sdk/lib/sock_client.py", line 155, in send_server_request
    self._send_message(msg)
  File "/nas-ctm01/homes/fmferreira/.conda/envs/ai4lungs/lib/python3.11/site-packages/wandb/sdk/lib/sock_client.py", line 152, in _send_message
    self._send_message(msg)
  File "/nas-ctm01/homes/fmferreira/.conda/envs/ai4lungs/lib/python3.11/site-packages/wandb/sdk/lib/sock_client.py", line 152, in _send_message
    self._sendall_with_error_handle(header + data)
  File "/nas-ctm01/homes/fmferreira/.conda/envs/ai4lungs/lib/python3.11/site-packages/wandb/sdk/lib/sock_client.py", line 130, in _sendall_with_error_handle
    self._sendall_with_error_handle(header + data)
  File "/nas-ctm01/homes/fmferreira/.conda/envs/ai4lungs/lib/python3.11/site-packages/wandb/sdk/lib/sock_client.py", line 130, in _sendall_with_error_handle
    sent = self._sock.send(data)
           ^^^^^^^^^^^^^^^^^^^^^
BrokenPipeError: [Errno 32] Broken pipe
    sent = self._sock.send(data)
           ^^^^^^^^^^^^^^^^^^^^^
BrokenPipeError: [Errno 32] Broken pipe
Error executing job with overrides: []
Traceback (most recent call last):
  File "/nas-ctm01/homes/fmferreira/.conda/envs/ai4lungs/lib/python3.11/logging/__init__.py", line 1113, in emit
    stream.write(msg + self.terminator)
  File "/nas-ctm01/homes/fmferreira/.conda/envs/ai4lungs/lib/python3.11/site-packages/wandb/sdk/lib/redirect.py", line 640, in write
    self._old_write(data)
  File "/nas-ctm01/homes/fmferreira/.conda/envs/ai4lungs/lib/python3.11/site-packages/torch/utils/data/_utils/signal_handling.py", line 66, in handler
    _error_if_any_worker_fails()
RuntimeError: DataLoader worker (pid 1237534) is killed by signal: Terminated. 

During handling of the above exception, another exception occurred:

Traceback (most recent call last):
  File "/nas-ctm01/homes/fmferreira/AI4LUNGS/encoder_decoder_approach.py", line 398, in main
    trainer.fit(lightning_model, dataloader_train, dataloader_val)
  File "/nas-ctm01/homes/fmferreira/.conda/envs/ai4lungs/lib/python3.11/site-packages/pytorch_lightning/trainer/trainer.py", line 544, in fit
    call._call_and_handle_interrupt(
  File "/nas-ctm01/homes/fmferreira/.conda/envs/ai4lungs/lib/python3.11/site-packages/pytorch_lightning/trainer/call.py", line 44, in _call_and_handle_interrupt
    return trainer_fn(*args, **kwargs)
           ^^^^^^^^^^^^^^^^^^^^^^^^^^^
  File "/nas-ctm01/homes/fmferreira/.conda/envs/ai4lungs/lib/python3.11/site-packages/pytorch_lightning/trainer/trainer.py", line 580, in _fit_impl
    self._run(model, ckpt_path=ckpt_path)
  File "/nas-ctm01/homes/fmferreira/.conda/envs/ai4lungs/lib/python3.11/site-packages/pytorch_lightning/trainer/trainer.py", line 989, in _run
    results = self._run_stage()
              ^^^^^^^^^^^^^^^^^
  File "/nas-ctm01/homes/fmferreira/.conda/envs/ai4lungs/lib/python3.11/site-packages/pytorch_lightning/trainer/trainer.py", line 1035, in _run_stage
    self.fit_loop.run()
  File "/nas-ctm01/homes/fmferreira/.conda/envs/ai4lungs/lib/python3.11/site-packages/pytorch_lightning/loops/fit_loop.py", line 202, in run
    self.advance()
  File "/nas-ctm01/homes/fmferreira/.conda/envs/ai4lungs/lib/python3.11/site-packages/pytorch_lightning/loops/fit_loop.py", line 359, in advance
    self.epoch_loop.run(self._data_fetcher)
  File "/nas-ctm01/homes/fmferreira/.conda/envs/ai4lungs/lib/python3.11/site-packages/pytorch_lightning/loops/training_epoch_loop.py", line 136, in run
    self.advance(data_fetcher)
  File "/nas-ctm01/homes/fmferreira/.conda/envs/ai4lungs/lib/python3.11/site-packages/pytorch_lightning/loops/training_epoch_loop.py", line 240, in advance
    batch_output = self.automatic_optimization.run(trainer.optimizers[0], batch_idx, kwargs)
                   ^^^^^^^^^^^^^^^^^^^^^^^^^^^^^^^^^^^^^^^^^^^^^^^^^^^^^^^^^^^^^^^^^^^^^^^^^
  File "/nas-ctm01/homes/fmferreira/.conda/envs/ai4lungs/lib/python3.11/site-packages/pytorch_lightning/loops/optimization/automatic.py", line 187, in run
    self._optimizer_step(batch_idx, closure)
  File "/nas-ctm01/homes/fmferreira/.conda/envs/ai4lungs/lib/python3.11/site-packages/pytorch_lightning/loops/optimization/automatic.py", line 265, in _optimizer_step
    call._call_lightning_module_hook(
  File "/nas-ctm01/homes/fmferreira/.conda/envs/ai4lungs/lib/python3.11/site-packages/pytorch_lightning/trainer/call.py", line 157, in _call_lightning_module_hook
    output = fn(*args, **kwargs)
             ^^^^^^^^^^^^^^^^^^^
  File "/nas-ctm01/homes/fmferreira/.conda/envs/ai4lungs/lib/python3.11/site-packages/pytorch_lightning/core/module.py", line 1291, in optimizer_step
    optimizer.step(closure=optimizer_closure)
  File "/nas-ctm01/homes/fmferreira/.conda/envs/ai4lungs/lib/python3.11/site-packages/pytorch_lightning/core/optimizer.py", line 151, in step
    step_output = self._strategy.optimizer_step(self._optimizer, closure, **kwargs)
                  ^^^^^^^^^^^^^^^^^^^^^^^^^^^^^^^^^^^^^^^^^^^^^^^^^^^^^^^^^^^^^^^^^
  File "/nas-ctm01/homes/fmferreira/.conda/envs/ai4lungs/lib/python3.11/site-packages/pytorch_lightning/strategies/strategy.py", line 230, in optimizer_step
    return self.precision_plugin.optimizer_step(optimizer, model=model, closure=closure, **kwargs)
           ^^^^^^^^^^^^^^^^^^^^^^^^^^^^^^^^^^^^^^^^^^^^^^^^^^^^^^^^^^^^^^^^^^^^^^^^^^^^^^^^^^^^^^^
  File "/nas-ctm01/homes/fmferreira/.conda/envs/ai4lungs/lib/python3.11/site-packages/pytorch_lightning/plugins/precision/precision.py", line 117, in optimizer_step
    return optimizer.step(closure=closure, **kwargs)
           ^^^^^^^^^^^^^^^^^^^^^^^^^^^^^^^^^^^^^^^^^
  File "/nas-ctm01/homes/fmferreira/.conda/envs/ai4lungs/lib/python3.11/site-packages/torch/optim/optimizer.py", line 373, in wrapper
    out = func(*args, **kwargs)
          ^^^^^^^^^^^^^^^^^^^^^
  File "/nas-ctm01/homes/fmferreira/.conda/envs/ai4lungs/lib/python3.11/site-packages/torch/optim/optimizer.py", line 76, in _use_grad
    ret = func(self, *args, **kwargs)
          ^^^^^^^^^^^^^^^^^^^^^^^^^^^
  File "/nas-ctm01/homes/fmferreira/.conda/envs/ai4lungs/lib/python3.11/site-packages/torch/optim/adam.py", line 143, in step
    loss = closure()
           ^^^^^^^^^
  File "/nas-ctm01/homes/fmferreira/.conda/envs/ai4lungs/lib/python3.11/site-packages/pytorch_lightning/plugins/precision/precision.py", line 104, in _wrap_closure
    closure_result = closure()
                     ^^^^^^^^^
  File "/nas-ctm01/homes/fmferreira/.conda/envs/ai4lungs/lib/python3.11/site-packages/pytorch_lightning/loops/optimization/automatic.py", line 140, in __call__
    self._result = self.closure(*args, **kwargs)
                   ^^^^^^^^^^^^^^^^^^^^^^^^^^^^^
  File "/nas-ctm01/homes/fmferreira/.conda/envs/ai4lungs/lib/python3.11/site-packages/torch/utils/_contextlib.py", line 115, in decorate_context
    return func(*args, **kwargs)
           ^^^^^^^^^^^^^^^^^^^^^
  File "/nas-ctm01/homes/fmferreira/.conda/envs/ai4lungs/lib/python3.11/site-packages/pytorch_lightning/loops/optimization/automatic.py", line 126, in closure
    step_output = self._step_fn()
                  ^^^^^^^^^^^^^^^
  File "/nas-ctm01/homes/fmferreira/.conda/envs/ai4lungs/lib/python3.11/site-packages/pytorch_lightning/loops/optimization/automatic.py", line 315, in _training_step
    training_step_output = call._call_strategy_hook(trainer, "training_step", *kwargs.values())
                           ^^^^^^^^^^^^^^^^^^^^^^^^^^^^^^^^^^^^^^^^^^^^^^^^^^^^^^^^^^^^^^^^^^^^
  File "/nas-ctm01/homes/fmferreira/.conda/envs/ai4lungs/lib/python3.11/site-packages/pytorch_lightning/trainer/call.py", line 309, in _call_strategy_hook
    output = fn(*args, **kwargs)
             ^^^^^^^^^^^^^^^^^^^
  File "/nas-ctm01/homes/fmferreira/.conda/envs/ai4lungs/lib/python3.11/site-packages/pytorch_lightning/strategies/strategy.py", line 382, in training_step
    return self.lightning_module.training_step(*args, **kwargs)
           ^^^^^^^^^^^^^^^^^^^^^^^^^^^^^^^^^^^^^^^^^^^^^^^^^^^^
  File "/nas-ctm01/homes/fmferreira/AI4LUNGS/encoder_decoder_approach.py", line 115, in training_step
    logits = self(x)
             ^^^^^^^
  File "/nas-ctm01/homes/fmferreira/.conda/envs/ai4lungs/lib/python3.11/site-packages/torch/nn/modules/module.py", line 1518, in _wrapped_call_impl
    return self._call_impl(*args, **kwargs)
           ^^^^^^^^^^^^^^^^^^^^^^^^^^^^^^^^
  File "/nas-ctm01/homes/fmferreira/.conda/envs/ai4lungs/lib/python3.11/site-packages/torch/nn/modules/module.py", line 1527, in _call_impl
    return forward_call(*args, **kwargs)
           ^^^^^^^^^^^^^^^^^^^^^^^^^^^^^
  File "/nas-ctm01/homes/fmferreira/AI4LUNGS/encoder_decoder_approach.py", line 107, in forward
    embeddings = self.encode_batch(x)
                 ^^^^^^^^^^^^^^^^^^^^
  File "/nas-ctm01/homes/fmferreira/AI4LUNGS/encoder_decoder_approach.py", line 96, in encode_batch
    out = self._encoder_wrapper.encode(images=base64_list)
          ^^^^^^^^^^^^^^^^^^^^^^^^^^^^^^^^^^^^^^^^^^^^^^^^
  File "/nas-ctm01/homes/fmferreira/MedImageInsights/medimageinsightmodel.py", line 173, in encode
    images = torch.stack([self.preprocess(img) for img in image_list]).to(self.device)
                         ^^^^^^^^^^^^^^^^^^^^^^^^^^^^^^^^^^^^^^^^^^^^
  File "/nas-ctm01/homes/fmferreira/MedImageInsights/medimageinsightmodel.py", line 173, in <listcomp>
    images = torch.stack([self.preprocess(img) for img in image_list]).to(self.device)
                          ^^^^^^^^^^^^^^^^^^^^
  File "/nas-ctm01/homes/fmferreira/.conda/envs/ai4lungs/lib/python3.11/site-packages/torchvision/transforms/transforms.py", line 95, in __call__
    img = t(img)
          ^^^^^^
  File "/nas-ctm01/homes/fmferreira/.conda/envs/ai4lungs/lib/python3.11/site-packages/torchvision/transforms/transforms.py", line 137, in __call__
    return F.to_tensor(pic)
           ^^^^^^^^^^^^^^^^
  File "/nas-ctm01/homes/fmferreira/.conda/envs/ai4lungs/lib/python3.11/site-packages/torchvision/transforms/functional.py", line 172, in to_tensor
    img = img.permute((2, 0, 1)).contiguous()
          ^^^^^^^^^^^^^^^^^^^^^^^^^^^^^^^^^^^
  File "/nas-ctm01/homes/fmferreira/.conda/envs/ai4lungs/lib/python3.11/site-packages/pytorch_lightning/trainer/connectors/signal_connector.py", line 35, in __call__
    signal_handler(signum, frame)
  File "/nas-ctm01/homes/fmferreira/.conda/envs/ai4lungs/lib/python3.11/site-packages/pytorch_lightning/trainer/connectors/signal_connector.py", line 108, in _sigterm_notifier_fn
    log.info(rank_prefixed_message(f"Received SIGTERM: {signum}", self.trainer.local_rank))
  File "/nas-ctm01/homes/fmferreira/.conda/envs/ai4lungs/lib/python3.11/logging/__init__.py", line 1489, in info
    self._log(INFO, msg, args, **kwargs)
  File "/nas-ctm01/homes/fmferreira/.conda/envs/ai4lungs/lib/python3.11/logging/__init__.py", line 1634, in _log
    self.handle(record)
  File "/nas-ctm01/homes/fmferreira/.conda/envs/ai4lungs/lib/python3.11/logging/__init__.py", line 1644, in handle
    self.callHandlers(record)
  File "/nas-ctm01/homes/fmferreira/.conda/envs/ai4lungs/lib/python3.11/logging/__init__.py", line 1706, in callHandlers
    hdlr.handle(record)
  File "/nas-ctm01/homes/fmferreira/.conda/envs/ai4lungs/lib/python3.11/logging/__init__.py", line 978, in handle
    self.emit(record)
  File "/nas-ctm01/homes/fmferreira/.conda/envs/ai4lungs/lib/python3.11/logging/__init__.py", line 1118, in emit
    self.handleError(record)
  File "/nas-ctm01/homes/fmferreira/.conda/envs/ai4lungs/lib/python3.11/logging/__init__.py", line 1032, in handleError
    traceback.print_exception(t, v, tb, None, sys.stderr)
  File "/nas-ctm01/homes/fmferreira/.conda/envs/ai4lungs/lib/python3.11/traceback.py", line 124, in print_exception
    te = TracebackException(type(value), value, tb, limit=limit, compact=True)
         ^^^^^^^^^^^^^^^^^^^^^^^^^^^^^^^^^^^^^^^^^^^^^^^^^^^^^^^^^^^^^^^^^^^^^
  File "/nas-ctm01/homes/fmferreira/.conda/envs/ai4lungs/lib/python3.11/traceback.py", line 728, in __init__
    self.stack = StackSummary._extract_from_extended_frame_gen(
                 ^^^^^^^^^^^^^^^^^^^^^^^^^^^^^^^^^^^^^^^^^^^^^^
  File "/nas-ctm01/homes/fmferreira/.conda/envs/ai4lungs/lib/python3.11/traceback.py", line 433, in _extract_from_extended_frame_gen
    f.line
  File "/nas-ctm01/homes/fmferreira/.conda/envs/ai4lungs/lib/python3.11/traceback.py", line 318, in line
    self._line = linecache.getline(self.filename, self.lineno)
                 ^^^^^^^^^^^^^^^^^^^^^^^^^^^^^^^^^^^^^^^^^^^^^
  File "/nas-ctm01/homes/fmferreira/.conda/envs/ai4lungs/lib/python3.11/linecache.py", line 30, in getline
    lines = getlines(filename, module_globals)
            ^^^^^^^^^^^^^^^^^^^^^^^^^^^^^^^^^^
  File "/nas-ctm01/homes/fmferreira/.conda/envs/ai4lungs/lib/python3.11/linecache.py", line 46, in getlines
    return updatecache(filename, module_globals)
           ^^^^^^^^^^^^^^^^^^^^^^^^^^^^^^^^^^^^^
  File "/nas-ctm01/homes/fmferreira/.conda/envs/ai4lungs/lib/python3.11/linecache.py", line 136, in updatecache
    with tokenize.open(fullname) as fp:
         ^^^^^^^^^^^^^^^^^^^^^^^
  File "/nas-ctm01/homes/fmferreira/.conda/envs/ai4lungs/lib/python3.11/tokenize.py", line 398, in open
    encoding, lines = detect_encoding(buffer.readline)
                      ^^^^^^^^^^^^^^^^^^^^^^^^^^^^^^^^
  File "/nas-ctm01/homes/fmferreira/.conda/envs/ai4lungs/lib/python3.11/tokenize.py", line 367, in detect_encoding
    first = read_or_stop()
            ^^^^^^^^^^^^^^
  File "/nas-ctm01/homes/fmferreira/.conda/envs/ai4lungs/lib/python3.11/tokenize.py", line 325, in read_or_stop
    return readline()
           ^^^^^^^^^^
  File "/nas-ctm01/homes/fmferreira/.conda/envs/ai4lungs/lib/python3.11/site-packages/torch/utils/data/_utils/signal_handling.py", line 66, in handler
    _error_if_any_worker_fails()
RuntimeError: DataLoader worker (pid 1237513) is killed by signal: Terminated. 

Set the environment variable HYDRA_FULL_ERROR=1 for a complete stack trace.
wandb: While tearing down the service manager. The following error has occurred: [Errno 32] Broken pipe
